<?xml version="1.0" encoding="UTF-8"?>
<testng-results skipped="0" failed="0" ignored="0" total="1" passed="1">
  <reporter-output>
  </reporter-output>
  <suite name="Suite" duration-ms="10858" started-at="2021-02-23T17:14:49 IST" finished-at="2021-02-23T17:15:00 IST">
    <groups>
    </groups>
    <test name="Test" duration-ms="10858" started-at="2021-02-23T17:14:49 IST" finished-at="2021-02-23T17:15:00 IST">
      <class name="scripts.BasicTest">
        <test-method status="PASS" signature="intialize()[pri:0, instance:scripts.BasicTest@69a3d1d]" name="intialize" is-config="true" duration-ms="4163" started-at="2021-02-23T17:14:49 IST" finished-at="2021-02-23T17:14:53 IST">
          <reporter-output>
          </reporter-output>
        </test-method> <!-- intialize -->
        <test-method status="PASS" signature="sampleTest()[pri:0, instance:scripts.BasicTest@69a3d1d]" name="sampleTest" duration-ms="5841" started-at="2021-02-23T17:14:54 IST" finished-at="2021-02-23T17:14:59 IST">
          <reporter-output>
          </reporter-output>
        </test-method> <!-- sampleTest -->
        <test-method status="PASS" signature="tearDown()[pri:0, instance:scripts.BasicTest@69a3d1d]" name="tearDown" is-config="true" duration-ms="806" started-at="2021-02-23T17:14:59 IST" finished-at="2021-02-23T17:15:00 IST">
          <reporter-output>
          </reporter-output>
        </test-method> <!-- tearDown -->
      </class> <!-- scripts.BasicTest -->
    </test> <!-- Test -->
  </suite> <!-- Suite -->
</testng-results>
